
**************************************************
***Dell Get Dock Version started on 12/15/2021 at 9:25:51***
Command: C:\Windows\TEMP\inv93E9_tmp\TBT_Dock_Firmware\GetDockVer32W.exe /o= ..\TB_Dock_Inv.xml

WSMT Supported: using WMI commands
Error: No dock attached
Error: No Dock found or cannot communicate to the Dock. Exit the program.

**************************************************
***Dell Get Dock Version started on 10/5/2022 at 9:38:02***
Command: C:\Windows\TEMP\invBD7_tmp\TBT_Dock_Firmware\GetDockVer32W.exe /o= ..\TB_Dock_Inv.xml

WSMT Supported: using WMI commands
Error: No dock attached
Error: No Dock found or cannot communicate to the Dock. Exit the program.

**************************************************
***Dell Get Dock Version started on 10/11/2022 at 8:38:33***
Command: C:\Windows\TEMP\inv3F0B_tmp\TBT_Dock_Firmware\GetDockVer32W.exe /o= ..\TB_Dock_Inv.xml

WSMT Supported: using WMI commands
Error: No dock attached
Error: No Dock found or cannot communicate to the Dock. Exit the program.

**************************************************
***Dell Get Dock Version started on 10/11/2022 at 8:38:41***
Command: C:\Windows\TEMP\inv6010_tmp\TBT_Dock_Firmware\GetDockVer32W.exe /o= ..\TB_Dock_Inv.xml

WSMT Supported: using WMI commands
Error: No dock attached
Error: No Dock found or cannot communicate to the Dock. Exit the program.

**************************************************
***Dell Get Dock Version started on 10/14/2022 at 16:27:52***
Command: C:\Windows\TEMP\invA4BB_tmp\TBT_Dock_Firmware\GetDockVer32W.exe /o= ..\TB_Dock_Inv.xml

WSMT Supported: using WMI commands
Error: No dock attached
Error: No Dock found or cannot communicate to the Dock. Exit the program.

**************************************************
***Dell Get Dock Version started on 10/20/2022 at 9:03:10***
Command: C:\Windows\TEMP\invA21D_tmp\TBT_Dock_Firmware\GetDockVer32W.exe /o= ..\TB_Dock_Inv.xml

WSMT Supported: using WMI commands
Error: No dock attached
Error: No Dock found or cannot communicate to the Dock. Exit the program.

**************************************************
***Dell Get Dock Version started on 10/23/2022 at 8:45:54***
Command: C:\Windows\TEMP\inv15BD_tmp\TBT_Dock_Firmware\GetDockVer32W.exe /o= ..\TB_Dock_Inv.xml

WSMT Supported: using WMI commands
Error: No dock attached
Error: No Dock found or cannot communicate to the Dock. Exit the program.

**************************************************
***Dell Get Dock Version started on 10/26/2022 at 8:05:05***
Command: C:\Windows\TEMP\invBFE9_tmp\TBT_Dock_Firmware\GetDockVer32W.exe /o= ..\TB_Dock_Inv.xml

WSMT Supported: using WMI commands
Error: No dock attached
Error: No Dock found or cannot communicate to the Dock. Exit the program.

**************************************************
***Dell Get Dock Version started on 10/29/2022 at 7:27:12***
Command: C:\Windows\TEMP\inv3DA9_tmp\TBT_Dock_Firmware\GetDockVer32W.exe /o= ..\TB_Dock_Inv.xml

WSMT Supported: using WMI commands
Error: No dock attached
Error: No Dock found or cannot communicate to the Dock. Exit the program.

**************************************************
***Dell Get Dock Version started on 11/1/2022 at 7:31:17***
Command: C:\Windows\TEMP\inv85A3_tmp\TBT_Dock_Firmware\GetDockVer32W.exe /o= ..\TB_Dock_Inv.xml

WSMT Supported: using WMI commands
Error: No dock attached
Error: No Dock found or cannot communicate to the Dock. Exit the program.

**************************************************
***Dell Get Dock Version started on 11/4/2022 at 11:45:18***
Command: C:\Windows\TEMP\inv5E3E_tmp\TBT_Dock_Firmware\GetDockVer32W.exe /o= ..\TB_Dock_Inv.xml

WSMT Supported: using WMI commands
Error: No dock attached
Error: No Dock found or cannot communicate to the Dock. Exit the program.

**************************************************
***Dell Get Dock Version started on 11/7/2022 at 9:01:31***
Command: C:\Windows\TEMP\inv3CA1_tmp\TBT_Dock_Firmware\GetDockVer32W.exe /o= ..\TB_Dock_Inv.xml

WSMT Supported: using WMI commands
Error: No dock attached
Error: No Dock found or cannot communicate to the Dock. Exit the program.

**************************************************
***Dell Get Dock Version started on 11/10/2022 at 9:03:37***
Command: C:\Windows\TEMP\invA69D_tmp\TBT_Dock_Firmware\GetDockVer32W.exe /o= ..\TB_Dock_Inv.xml

WSMT Supported: using WMI commands
Error: No dock attached
Error: No Dock found or cannot communicate to the Dock. Exit the program.

**************************************************
***Dell Get Dock Version started on 11/13/2022 at 8:49:52***
Command: C:\Windows\TEMP\inv3042_tmp\TBT_Dock_Firmware\GetDockVer32W.exe /o= ..\TB_Dock_Inv.xml

WSMT Supported: using WMI commands
Error: No dock attached
Error: No Dock found or cannot communicate to the Dock. Exit the program.

**************************************************
***Dell Get Dock Version started on 11/16/2022 at 9:18:00***
Command: C:\Windows\TEMP\invC316_tmp\TBT_Dock_Firmware\GetDockVer32W.exe /o= ..\TB_Dock_Inv.xml

WSMT Supported: using WMI commands
Error: No dock attached
Error: No Dock found or cannot communicate to the Dock. Exit the program.

**************************************************
***Dell Get Dock Version started on 11/19/2022 at 8:55:12***
Command: C:\Windows\TEMP\invF7B3_tmp\TBT_Dock_Firmware\GetDockVer32W.exe /o= ..\TB_Dock_Inv.xml

WSMT Supported: using WMI commands
Error: No dock attached
Error: No Dock found or cannot communicate to the Dock. Exit the program.

**************************************************
***Dell Get Dock Version started on 11/22/2022 at 7:28:56***
Command: C:\Windows\TEMP\invE396_tmp\TBT_Dock_Firmware\GetDockVer32W.exe /o= ..\TB_Dock_Inv.xml

WSMT Supported: using WMI commands
Error: No dock attached
Error: No Dock found or cannot communicate to the Dock. Exit the program.

**************************************************
***Dell Get Dock Version started on 11/25/2022 at 17:22:26***
Command: C:\Windows\TEMP\inv82F7_tmp\TBT_Dock_Firmware\GetDockVer32W.exe /o= ..\TB_Dock_Inv.xml

WSMT Supported: using WMI commands
Error: No dock attached
Error: No Dock found or cannot communicate to the Dock. Exit the program.

**************************************************
***Dell Get Dock Version started on 11/28/2022 at 8:36:14***
Command: C:\Windows\TEMP\inv3D2E_tmp\TBT_Dock_Firmware\GetDockVer32W.exe /o= ..\TB_Dock_Inv.xml

WSMT Supported: using WMI commands
Error: No dock attached
Error: No Dock found or cannot communicate to the Dock. Exit the program.

**************************************************
***Dell Get Dock Version started on 12/1/2022 at 8:43:44***
Command: C:\Windows\TEMP\inv1_tmp\TBT_Dock_Firmware\GetDockVer32W.exe /o= ..\TB_Dock_Inv.xml

WSMT Supported: using WMI commands
Error: No dock attached
Error: No Dock found or cannot communicate to the Dock. Exit the program.

**************************************************
***Dell Get Dock Version started on 12/4/2022 at 6:39:41***
Command: C:\Windows\TEMP\invE1FE_tmp\TBT_Dock_Firmware\GetDockVer32W.exe /o= ..\TB_Dock_Inv.xml

WSMT Supported: using WMI commands
Error: No dock attached
Error: No Dock found or cannot communicate to the Dock. Exit the program.

**************************************************
***Dell Get Dock Version started on 12/7/2022 at 9:01:16***
Command: C:\Windows\TEMP\inv555D_tmp\TBT_Dock_Firmware\GetDockVer32W.exe /o= ..\TB_Dock_Inv.xml

WSMT Supported: using WMI commands
Error: No dock attached
Error: No Dock found or cannot communicate to the Dock. Exit the program.

**************************************************
***Dell Get Dock Version started on 12/13/2022 at 9:12:40***
Command: C:\Windows\TEMP\inv3DF9_tmp\TBT_Dock_Firmware\GetDockVer32W.exe /o= ..\TB_Dock_Inv.xml

WSMT Supported: using WMI commands
Error: No dock attached
Error: No Dock found or cannot communicate to the Dock. Exit the program.

**************************************************
***Dell Get Dock Version started on 12/16/2022 at 21:20:08***
Command: C:\Windows\TEMP\inv50C6_tmp\TBT_Dock_Firmware\GetDockVer32W.exe /o= ..\TB_Dock_Inv.xml

WSMT Supported: using WMI commands
Error: No dock attached
Error: No Dock found or cannot communicate to the Dock. Exit the program.

**************************************************
***Dell Get Dock Version started on 12/20/2022 at 9:08:26***
Command: C:\Windows\TEMP\inv5431_tmp\TBT_Dock_Firmware\GetDockVer32W.exe /o= ..\TB_Dock_Inv.xml

WSMT Supported: using WMI commands
Error: No dock attached
Error: No Dock found or cannot communicate to the Dock. Exit the program.

**************************************************
***Dell Get Dock Version started on 12/22/2022 at 9:03:32***
Command: C:\Windows\TEMP\inv4E26_tmp\TBT_Dock_Firmware\GetDockVer32W.exe /o= ..\TB_Dock_Inv.xml

WSMT Supported: using WMI commands
Error: No dock attached
Error: No Dock found or cannot communicate to the Dock. Exit the program.

**************************************************
***Dell Get Dock Version started on 12/25/2022 at 9:56:14***
Command: C:\Windows\TEMP\inv45AA_tmp\TBT_Dock_Firmware\GetDockVer32W.exe /o= ..\TB_Dock_Inv.xml

WSMT Supported: using WMI commands
Error: No dock attached
Error: No Dock found or cannot communicate to the Dock. Exit the program.

**************************************************
***Dell Get Dock Version started on 12/28/2022 at 7:07:03***
Command: C:\Windows\TEMP\inv87AB_tmp\TBT_Dock_Firmware\GetDockVer32W.exe /o= ..\TB_Dock_Inv.xml

WSMT Supported: using WMI commands
Error: No dock attached
Error: No Dock found or cannot communicate to the Dock. Exit the program.

**************************************************
***Dell Get Dock Version started on 12/31/2022 at 11:12:57***
Command: C:\Windows\TEMP\invBC7B_tmp\TBT_Dock_Firmware\GetDockVer32W.exe /o= ..\TB_Dock_Inv.xml

WSMT Supported: using WMI commands
Error: No dock attached
Error: No Dock found or cannot communicate to the Dock. Exit the program.

**************************************************
***Dell Get Dock Version started on 1/3/2023 at 9:01:59***
Command: C:\Windows\TEMP\inv55DC_tmp\TBT_Dock_Firmware\GetDockVer32W.exe /o= ..\TB_Dock_Inv.xml

WSMT Supported: using WMI commands
Error: No dock attached
Error: No Dock found or cannot communicate to the Dock. Exit the program.

**************************************************
***Dell Get Dock Version started on 1/6/2023 at 7:03:46***
Command: C:\Windows\TEMP\inv24AC_tmp\TBT_Dock_Firmware\GetDockVer32W.exe /o= ..\TB_Dock_Inv.xml

WSMT Supported: using WMI commands
Error: No dock attached
Error: No Dock found or cannot communicate to the Dock. Exit the program.

**************************************************
***Dell Get Dock Version started on 1/9/2023 at 5:39:30***
Command: C:\Windows\TEMP\invDA4E_tmp\TBT_Dock_Firmware\GetDockVer32W.exe /o= ..\TB_Dock_Inv.xml

WSMT Supported: using WMI commands
Error: No dock attached
Error: No Dock found or cannot communicate to the Dock. Exit the program.

**************************************************
***Dell Get Dock Version started on 1/12/2023 at 9:01:34***
Command: C:\Windows\TEMP\inv2D9F_tmp\TBT_Dock_Firmware\GetDockVer32W.exe /o= ..\TB_Dock_Inv.xml

WSMT Supported: using WMI commands
Error: No dock attached
Error: No Dock found or cannot communicate to the Dock. Exit the program.

**************************************************
***Dell Get Dock Version started on 1/15/2023 at 8:50:50***
Command: C:\Windows\TEMP\invB422_tmp\TBT_Dock_Firmware\GetDockVer32W.exe /o= ..\TB_Dock_Inv.xml

WSMT Supported: using WMI commands
Error: No dock attached
Error: No Dock found or cannot communicate to the Dock. Exit the program.

**************************************************
***Dell Get Dock Version started on 1/18/2023 at 5:45:58***
Command: C:\Windows\TEMP\invEE24_tmp\TBT_Dock_Firmware\GetDockVer32W.exe /o= ..\TB_Dock_Inv.xml

WSMT Supported: using WMI commands
Error: No dock attached
Error: No Dock found or cannot communicate to the Dock. Exit the program.

**************************************************
***Dell Get Dock Version started on 1/21/2023 at 10:10:21***
Command: C:\Windows\TEMP\inv4C70_tmp\TBT_Dock_Firmware\GetDockVer32W.exe /o= ..\TB_Dock_Inv.xml

WSMT Supported: using WMI commands
Error: No dock attached
Error: No Dock found or cannot communicate to the Dock. Exit the program.

**************************************************
***Dell Get Dock Version started on 1/24/2023 at 10:31:47***
Command: C:\Windows\TEMP\invFF25_tmp\TBT_Dock_Firmware\GetDockVer32W.exe /o= ..\TB_Dock_Inv.xml

WSMT Supported: using WMI commands
Error: No dock attached
Error: No Dock found or cannot communicate to the Dock. Exit the program.
